called join.async
currentTrajectory:  []
called join.async
called join.async
currentTrajectory:  []
Running task [34mDownload reference genome for Salmonella enterica[39m
currentTrajectory:  []
Running task [34mDownload SRA 2492428[39m
  Resolving output patterns to files
  Resolving output patterns to files
    No matches found for pattern [35m*_genomic.fna.gz[39m in /Users/jmazz/Documents/repos/bionode-waterwheel/examples/vc-simple
  Ignoring input as is null
    No matches found for pattern [35m**/*.sra[39m in /Users/jmazz/Documents/repos/bionode-waterwheel/examples/vc-simple
  Ignoring input as is null
asyncDone result:  undefined
  Resolving output patterns to files
  Running validations
  All validations successful
Wrote info for /Users/jmazz/Documents/repos/bionode-waterwheel/examples/vc-simple/GCA_000988525.2_ASM98852v2_genomic.fna.gz to waterwheel.json
  Wrote output(s) time+hash to waterwheel.json
collection as json:  {
  "{\"url\":\"http://ftp.ncbi.nlm.nih.gov/genomes/all/GCA_000988525.2_ASM98852v2/GCA_000988525.2_ASM98852v2_genomic.fna.gz\"}": {
    "_value": "",
    "f4ecd19156e316cedc280fdfc81f4fbeaeb5783c5aa0ea0b90f7b68f5a838b54": {
      "_value": "/Users/jmazz/Documents/repos/bionode-waterwheel/examples/vc-simple/GCA_000988525.2_ASM98852v2_genomic.fna.gz"
    }
  }
}
GeneratorFunctionPrototype { _invoke: [Function: invoke] }
newTrajection:  [ '{"url":"http://ftp.ncbi.nlm.nih.gov/genomes/all/GCA_000988525.2_ASM98852v2/GCA_000988525.2_ASM98852v2_genomic.fna.gz"}',
  'f4ecd19156e316cedc280fdfc81f4fbeaeb5783c5aa0ea0b90f7b68f5a838b54' ]
currentTrajectory:  [ '{"url":"http://ftp.ncbi.nlm.nih.gov/genomes/all/GCA_000988525.2_ASM98852v2/GCA_000988525.2_ASM98852v2_genomic.fna.gz"}',
  'f4ecd19156e316cedc280fdfc81f4fbeaeb5783c5aa0ea0b90f7b68f5a838b54' ]
Running task [34mbwa index *_genomic.fna.gz[39m
  Resolving output patterns to files
    No matches found for pattern [35m*_genomic.fna.gz.amb[39m in /Users/jmazz/Documents/repos/bionode-waterwheel/examples/vc-simple
  Resolving input
trajectory for 6facee608df7878dbfa05bb3ad1c26f9c938ad7c31a40d3c9bec652402045c83:  [ '{"url":"http://ftp.ncbi.nlm.nih.gov/genomes/all/GCA_000988525.2_ASM98852v2/GCA_000988525.2_ASM98852v2_genomic.fna.gz"}',
  'f4ecd19156e316cedc280fdfc81f4fbeaeb5783c5aa0ea0b90f7b68f5a838b54' ]
    [35m*_genomic.fna.gz[39m matched to [34m/Users/jmazz/Documents/repos/bionode-waterwheel/examples/vc-simple/GCA_000988525.2_ASM98852v2_genomic.fna.gz[39m
traverse got undefined, returning
resolvedInput:  /Users/jmazz/Documents/repos/bionode-waterwheel/examples/vc-simple/GCA_000988525.2_ASM98852v2_genomic.fna.gz
  Starting: bwa index /Users/jmazz/Documents/repos/bionode-waterwheel/examples/vc-simple/GCA_000988525.2_ASM98852v2_genomic.fna.gz
    stderr: [bwa_index] Pack FASTA... 
    stderr: 0.06 sec
    stderr: [bwa_index] Construct BWT for the packed sequence...
    stderr: 
    stderr: [bwa_index] 2.10 seconds elapse.
    stderr: [bwa_index] Update BWT... 
    stderr: 0.04 sec
    stderr: [bwa_index] Pack forward-only FASTA... 
    stderr: 0.04 sec
    stderr: [bwa_index] Construct SA from BWT and Occ... 
    stderr: 0.87 sec
    stderr: 
    stderr: [main] Version: 0.7.14-r1136
    stderr: [main] CMD: bwa index
    stderr:  /Users/jmazz/Documents/repos/bionode-waterwheel/examples/vc-simple/GCA_000988525.2_ASM98852v2_genomic.fna.gz
    stderr: [main] Real time: 3.244 sec; CPU: 3.112 sec
    stderr: 
CP exited:  0
asyncDone result:  undefined
CP closed: 0
  Resolving output patterns to files
  Running validations
  All validations successful
Wrote info for /Users/jmazz/Documents/repos/bionode-waterwheel/examples/vc-simple/GCA_000988525.2_ASM98852v2_genomic.fna.gz.amb to waterwheel.json
Wrote info for /Users/jmazz/Documents/repos/bionode-waterwheel/examples/vc-simple/GCA_000988525.2_ASM98852v2_genomic.fna.gz.ann to waterwheel.json
Wrote info for /Users/jmazz/Documents/repos/bionode-waterwheel/examples/vc-simple/GCA_000988525.2_ASM98852v2_genomic.fna.gz.pac to waterwheel.json
Wrote info for /Users/jmazz/Documents/repos/bionode-waterwheel/examples/vc-simple/GCA_000988525.2_ASM98852v2_genomic.fna.gz.sa to waterwheel.json
Wrote info for /Users/jmazz/Documents/repos/bionode-waterwheel/examples/vc-simple/GCA_000988525.2_ASM98852v2_genomic.fna.gz.bwt to waterwheel.json
  Wrote output(s) time+hash to waterwheel.json
collection as json:  {
  "{\"url\":\"http://ftp.ncbi.nlm.nih.gov/genomes/all/GCA_000988525.2_ASM98852v2/GCA_000988525.2_ASM98852v2_genomic.fna.gz\"}": {
    "_value": "",
    "f4ecd19156e316cedc280fdfc81f4fbeaeb5783c5aa0ea0b90f7b68f5a838b54": {
      "_value": "/Users/jmazz/Documents/repos/bionode-waterwheel/examples/vc-simple/GCA_000988525.2_ASM98852v2_genomic.fna.gz",
      "6facee608df7878dbfa05bb3ad1c26f9c938ad7c31a40d3c9bec652402045c83": {
        "_value": [
          "/Users/jmazz/Documents/repos/bionode-waterwheel/examples/vc-simple/GCA_000988525.2_ASM98852v2_genomic.fna.gz.amb",
          "/Users/jmazz/Documents/repos/bionode-waterwheel/examples/vc-simple/GCA_000988525.2_ASM98852v2_genomic.fna.gz.ann",
          "/Users/jmazz/Documents/repos/bionode-waterwheel/examples/vc-simple/GCA_000988525.2_ASM98852v2_genomic.fna.gz.bwt",
          "/Users/jmazz/Documents/repos/bionode-waterwheel/examples/vc-simple/GCA_000988525.2_ASM98852v2_genomic.fna.gz.pac",
          "/Users/jmazz/Documents/repos/bionode-waterwheel/examples/vc-simple/GCA_000988525.2_ASM98852v2_genomic.fna.gz.sa"
        ]
      }
    }
  }
}
GeneratorFunctionPrototype { _invoke: [Function: invoke] }
newTrajection:  [ '{"url":"http://ftp.ncbi.nlm.nih.gov/genomes/all/GCA_000988525.2_ASM98852v2/GCA_000988525.2_ASM98852v2_genomic.fna.gz"}',
  'f4ecd19156e316cedc280fdfc81f4fbeaeb5783c5aa0ea0b90f7b68f5a838b54',
  '6facee608df7878dbfa05bb3ad1c26f9c938ad7c31a40d3c9bec652402045c83' ]
asyncDone result:  undefined
  Resolving output patterns to files
  Running validations
  All validations successful
Wrote info for /Users/jmazz/Documents/repos/bionode-waterwheel/examples/vc-simple/2492428/ERR1229296.sra to waterwheel.json
  Wrote output(s) time+hash to waterwheel.json
collection as json:  {
  "{\"url\":\"http://ftp.ncbi.nlm.nih.gov/genomes/all/GCA_000988525.2_ASM98852v2/GCA_000988525.2_ASM98852v2_genomic.fna.gz\"}": {
    "_value": "",
    "f4ecd19156e316cedc280fdfc81f4fbeaeb5783c5aa0ea0b90f7b68f5a838b54": {
      "_value": "/Users/jmazz/Documents/repos/bionode-waterwheel/examples/vc-simple/GCA_000988525.2_ASM98852v2_genomic.fna.gz",
      "6facee608df7878dbfa05bb3ad1c26f9c938ad7c31a40d3c9bec652402045c83": {
        "_value": [
          "/Users/jmazz/Documents/repos/bionode-waterwheel/examples/vc-simple/GCA_000988525.2_ASM98852v2_genomic.fna.gz.amb",
          "/Users/jmazz/Documents/repos/bionode-waterwheel/examples/vc-simple/GCA_000988525.2_ASM98852v2_genomic.fna.gz.ann",
          "/Users/jmazz/Documents/repos/bionode-waterwheel/examples/vc-simple/GCA_000988525.2_ASM98852v2_genomic.fna.gz.bwt",
          "/Users/jmazz/Documents/repos/bionode-waterwheel/examples/vc-simple/GCA_000988525.2_ASM98852v2_genomic.fna.gz.pac",
          "/Users/jmazz/Documents/repos/bionode-waterwheel/examples/vc-simple/GCA_000988525.2_ASM98852v2_genomic.fna.gz.sa"
        ]
      }
    }
  },
  "{\"db\":\"sra\",\"accession\":\"2492428\"}": {
    "_value": "",
    "1959a2de981a3be7f8abb0a812fc5854c8bd5dbd41271df58f5ceab0c3e2f62c": {
      "_value": "/Users/jmazz/Documents/repos/bionode-waterwheel/examples/vc-simple/2492428/ERR1229296.sra"
    }
  }
}
GeneratorFunctionPrototype { _invoke: [Function: invoke] }
newTrajection:  [ '{"db":"sra","accession":"2492428"}',
  '1959a2de981a3be7f8abb0a812fc5854c8bd5dbd41271df58f5ceab0c3e2f62c' ]
currentTrajectory:  [ '{"db":"sra","accession":"2492428"}',
  '1959a2de981a3be7f8abb0a812fc5854c8bd5dbd41271df58f5ceab0c3e2f62c' ]
Running task [34mfastq-dump **/*.sra[39m
  Resolving output patterns to files
    No matches found for pattern [35m*_1.fastq.gz[39m in /Users/jmazz/Documents/repos/bionode-waterwheel/examples/vc-simple
  Resolving input
trajectory for 378631e79ae716db89f1ae87dc12e0b134959dada83e3f62da7e49a6bc7eeb57:  [ '{"db":"sra","accession":"2492428"}',
  '1959a2de981a3be7f8abb0a812fc5854c8bd5dbd41271df58f5ceab0c3e2f62c' ]
    [35m**/*.sra[39m matched to [34m/Users/jmazz/Documents/repos/bionode-waterwheel/examples/vc-simple/2492428/ERR1229296.sra[39m
traverse got undefined, returning
resolvedInput:  /Users/jmazz/Documents/repos/bionode-waterwheel/examples/vc-simple/2492428/ERR1229296.sra
  Starting: fastq-dump --split-files --skip-technical --gzip /Users/jmazz/Documents/repos/bionode-waterwheel/examples/vc-simple/2492428/ERR1229296.sra
    stdout: Read 582158 spots for /Users/jmazz/Documents/repos/bionode-waterwheel/examples/vc-simple/2492428/ERR1229296.sra
    stdout: Written 582158 spots for /Users/jmazz/Documents/repos/bionode-waterwheel/examples/vc-simple/2492428/ERR1229296.sra
    stdout: 
CP exited:  0
asyncDone result:  undefined
  Resolving output patterns to files
CP closed: 0
  Running validations
  All validations successful
Wrote info for /Users/jmazz/Documents/repos/bionode-waterwheel/examples/vc-simple/ERR1229296_1.fastq.gz to waterwheel.json
Wrote info for /Users/jmazz/Documents/repos/bionode-waterwheel/examples/vc-simple/ERR1229296_2.fastq.gz to waterwheel.json
  Wrote output(s) time+hash to waterwheel.json
collection as json:  {
  "{\"url\":\"http://ftp.ncbi.nlm.nih.gov/genomes/all/GCA_000988525.2_ASM98852v2/GCA_000988525.2_ASM98852v2_genomic.fna.gz\"}": {
    "_value": "",
    "f4ecd19156e316cedc280fdfc81f4fbeaeb5783c5aa0ea0b90f7b68f5a838b54": {
      "_value": "/Users/jmazz/Documents/repos/bionode-waterwheel/examples/vc-simple/GCA_000988525.2_ASM98852v2_genomic.fna.gz",
      "6facee608df7878dbfa05bb3ad1c26f9c938ad7c31a40d3c9bec652402045c83": {
        "_value": [
          "/Users/jmazz/Documents/repos/bionode-waterwheel/examples/vc-simple/GCA_000988525.2_ASM98852v2_genomic.fna.gz.amb",
          "/Users/jmazz/Documents/repos/bionode-waterwheel/examples/vc-simple/GCA_000988525.2_ASM98852v2_genomic.fna.gz.ann",
          "/Users/jmazz/Documents/repos/bionode-waterwheel/examples/vc-simple/GCA_000988525.2_ASM98852v2_genomic.fna.gz.bwt",
          "/Users/jmazz/Documents/repos/bionode-waterwheel/examples/vc-simple/GCA_000988525.2_ASM98852v2_genomic.fna.gz.pac",
          "/Users/jmazz/Documents/repos/bionode-waterwheel/examples/vc-simple/GCA_000988525.2_ASM98852v2_genomic.fna.gz.sa"
        ]
      }
    }
  },
  "{\"db\":\"sra\",\"accession\":\"2492428\"}": {
    "_value": "",
    "1959a2de981a3be7f8abb0a812fc5854c8bd5dbd41271df58f5ceab0c3e2f62c": {
      "_value": "/Users/jmazz/Documents/repos/bionode-waterwheel/examples/vc-simple/2492428/ERR1229296.sra",
      "378631e79ae716db89f1ae87dc12e0b134959dada83e3f62da7e49a6bc7eeb57": {
        "_value": [
          "/Users/jmazz/Documents/repos/bionode-waterwheel/examples/vc-simple/ERR1229296_1.fastq.gz",
          "/Users/jmazz/Documents/repos/bionode-waterwheel/examples/vc-simple/ERR1229296_2.fastq.gz"
        ]
      }
    }
  }
}
GeneratorFunctionPrototype { _invoke: [Function: invoke] }
newTrajection:  [ '{"db":"sra","accession":"2492428"}',
  '1959a2de981a3be7f8abb0a812fc5854c8bd5dbd41271df58f5ceab0c3e2f62c',
  '378631e79ae716db89f1ae87dc12e0b134959dada83e3f62da7e49a6bc7eeb57' ]
results:  [ [ '{"url":"http://ftp.ncbi.nlm.nih.gov/genomes/all/GCA_000988525.2_ASM98852v2/GCA_000988525.2_ASM98852v2_genomic.fna.gz"}',
    'f4ecd19156e316cedc280fdfc81f4fbeaeb5783c5aa0ea0b90f7b68f5a838b54',
    '6facee608df7878dbfa05bb3ad1c26f9c938ad7c31a40d3c9bec652402045c83' ],
  [ '{"db":"sra","accession":"2492428"}',
    '1959a2de981a3be7f8abb0a812fc5854c8bd5dbd41271df58f5ceab0c3e2f62c',
    '378631e79ae716db89f1ae87dc12e0b134959dada83e3f62da7e49a6bc7eeb57' ] ]
newTrajection:  [ '{"url":"http://ftp.ncbi.nlm.nih.gov/genomes/all/GCA_000988525.2_ASM98852v2/GCA_000988525.2_ASM98852v2_genomic.fna.gz"}',
  'f4ecd19156e316cedc280fdfc81f4fbeaeb5783c5aa0ea0b90f7b68f5a838b54',
  '6facee608df7878dbfa05bb3ad1c26f9c938ad7c31a40d3c9bec652402045c83',
  '{"db":"sra","accession":"2492428"}',
  '1959a2de981a3be7f8abb0a812fc5854c8bd5dbd41271df58f5ceab0c3e2f62c',
  '378631e79ae716db89f1ae87dc12e0b134959dada83e3f62da7e49a6bc7eeb57' ]
currentTrajectory:  [ '{"url":"http://ftp.ncbi.nlm.nih.gov/genomes/all/GCA_000988525.2_ASM98852v2/GCA_000988525.2_ASM98852v2_genomic.fna.gz"}',
  'f4ecd19156e316cedc280fdfc81f4fbeaeb5783c5aa0ea0b90f7b68f5a838b54',
  '6facee608df7878dbfa05bb3ad1c26f9c938ad7c31a40d3c9bec652402045c83',
  '{"db":"sra","accession":"2492428"}',
  '1959a2de981a3be7f8abb0a812fc5854c8bd5dbd41271df58f5ceab0c3e2f62c',
  '378631e79ae716db89f1ae87dc12e0b134959dada83e3f62da7e49a6bc7eeb57' ]
Running task [34mDecompress reference[39m
  Resolving output patterns to files
    No matches found for pattern [35m*_genomic.fna[39m in /Users/jmazz/Documents/repos/bionode-waterwheel/examples/vc-simple
  Resolving input
trajectory for ab8eed98f04c8a41524e4e0e67c9ee57c3ac5dfd4d0f3f91e8a5515ce1438db5:  [ '{"url":"http://ftp.ncbi.nlm.nih.gov/genomes/all/GCA_000988525.2_ASM98852v2/GCA_000988525.2_ASM98852v2_genomic.fna.gz"}',
  'f4ecd19156e316cedc280fdfc81f4fbeaeb5783c5aa0ea0b90f7b68f5a838b54',
  '6facee608df7878dbfa05bb3ad1c26f9c938ad7c31a40d3c9bec652402045c83',
  '{"db":"sra","accession":"2492428"}',
  '1959a2de981a3be7f8abb0a812fc5854c8bd5dbd41271df58f5ceab0c3e2f62c',
  '378631e79ae716db89f1ae87dc12e0b134959dada83e3f62da7e49a6bc7eeb57' ]
traverse got undefined, returning
    [35m*_genomic.fna.gz[39m matched to [34m/Users/jmazz/Documents/repos/bionode-waterwheel/examples/vc-simple/GCA_000988525.2_ASM98852v2_genomic.fna.gz[39m
traverse got undefined, returning
resolvedInput:  /Users/jmazz/Documents/repos/bionode-waterwheel/examples/vc-simple/GCA_000988525.2_ASM98852v2_genomic.fna.gz
  Starting: bgzip -d /Users/jmazz/Documents/repos/bionode-waterwheel/examples/vc-simple/GCA_000988525.2_ASM98852v2_genomic.fna.gz --stdout > /Users/jmazz/Documents/repos/bionode-waterwheel/examples/vc-simple/GCA_000988525.2_ASM98852v2_genomic.fna
CP exited:  0
asyncDone result:  undefined
  Resolving output patterns to files
CP closed: 0
  Running validations
  All validations successful
Wrote info for /Users/jmazz/Documents/repos/bionode-waterwheel/examples/vc-simple/GCA_000988525.2_ASM98852v2_genomic.fna to waterwheel.json
  Wrote output(s) time+hash to waterwheel.json
collection as json:  {
  "{\"url\":\"http://ftp.ncbi.nlm.nih.gov/genomes/all/GCA_000988525.2_ASM98852v2/GCA_000988525.2_ASM98852v2_genomic.fna.gz\"}": {
    "_value": "",
    "f4ecd19156e316cedc280fdfc81f4fbeaeb5783c5aa0ea0b90f7b68f5a838b54": {
      "_value": "/Users/jmazz/Documents/repos/bionode-waterwheel/examples/vc-simple/GCA_000988525.2_ASM98852v2_genomic.fna.gz",
      "6facee608df7878dbfa05bb3ad1c26f9c938ad7c31a40d3c9bec652402045c83": {
        "_value": [
          "/Users/jmazz/Documents/repos/bionode-waterwheel/examples/vc-simple/GCA_000988525.2_ASM98852v2_genomic.fna.gz.amb",
          "/Users/jmazz/Documents/repos/bionode-waterwheel/examples/vc-simple/GCA_000988525.2_ASM98852v2_genomic.fna.gz.ann",
          "/Users/jmazz/Documents/repos/bionode-waterwheel/examples/vc-simple/GCA_000988525.2_ASM98852v2_genomic.fna.gz.bwt",
          "/Users/jmazz/Documents/repos/bionode-waterwheel/examples/vc-simple/GCA_000988525.2_ASM98852v2_genomic.fna.gz.pac",
          "/Users/jmazz/Documents/repos/bionode-waterwheel/examples/vc-simple/GCA_000988525.2_ASM98852v2_genomic.fna.gz.sa"
        ]
      }
    }
  },
  "{\"db\":\"sra\",\"accession\":\"2492428\"}": {
    "_value": "",
    "1959a2de981a3be7f8abb0a812fc5854c8bd5dbd41271df58f5ceab0c3e2f62c": {
      "_value": "/Users/jmazz/Documents/repos/bionode-waterwheel/examples/vc-simple/2492428/ERR1229296.sra",
      "378631e79ae716db89f1ae87dc12e0b134959dada83e3f62da7e49a6bc7eeb57": {
        "_value": [
          "/Users/jmazz/Documents/repos/bionode-waterwheel/examples/vc-simple/ERR1229296_1.fastq.gz",
          "/Users/jmazz/Documents/repos/bionode-waterwheel/examples/vc-simple/ERR1229296_2.fastq.gz"
        ],
        "ab8eed98f04c8a41524e4e0e67c9ee57c3ac5dfd4d0f3f91e8a5515ce1438db5": {
          "_value": "/Users/jmazz/Documents/repos/bionode-waterwheel/examples/vc-simple/GCA_000988525.2_ASM98852v2_genomic.fna"
        }
      }
    }
  }
}
GeneratorFunctionPrototype { _invoke: [Function: invoke] }
newTrajection:  [ '{"url":"http://ftp.ncbi.nlm.nih.gov/genomes/all/GCA_000988525.2_ASM98852v2/GCA_000988525.2_ASM98852v2_genomic.fna.gz"}',
  'f4ecd19156e316cedc280fdfc81f4fbeaeb5783c5aa0ea0b90f7b68f5a838b54',
  '6facee608df7878dbfa05bb3ad1c26f9c938ad7c31a40d3c9bec652402045c83',
  '{"db":"sra","accession":"2492428"}',
  '1959a2de981a3be7f8abb0a812fc5854c8bd5dbd41271df58f5ceab0c3e2f62c',
  '378631e79ae716db89f1ae87dc12e0b134959dada83e3f62da7e49a6bc7eeb57',
  'ab8eed98f04c8a41524e4e0e67c9ee57c3ac5dfd4d0f3f91e8a5515ce1438db5' ]
currentTrajectory:  [ '{"url":"http://ftp.ncbi.nlm.nih.gov/genomes/all/GCA_000988525.2_ASM98852v2/GCA_000988525.2_ASM98852v2_genomic.fna.gz"}',
  'f4ecd19156e316cedc280fdfc81f4fbeaeb5783c5aa0ea0b90f7b68f5a838b54',
  '6facee608df7878dbfa05bb3ad1c26f9c938ad7c31a40d3c9bec652402045c83',
  '{"db":"sra","accession":"2492428"}',
  '1959a2de981a3be7f8abb0a812fc5854c8bd5dbd41271df58f5ceab0c3e2f62c',
  '378631e79ae716db89f1ae87dc12e0b134959dada83e3f62da7e49a6bc7eeb57',
  'ab8eed98f04c8a41524e4e0e67c9ee57c3ac5dfd4d0f3f91e8a5515ce1438db5' ]
called join.async
currentTrajectory:  [ '{"url":"http://ftp.ncbi.nlm.nih.gov/genomes/all/GCA_000988525.2_ASM98852v2/GCA_000988525.2_ASM98852v2_genomic.fna.gz"}',
  'f4ecd19156e316cedc280fdfc81f4fbeaeb5783c5aa0ea0b90f7b68f5a838b54',
  '6facee608df7878dbfa05bb3ad1c26f9c938ad7c31a40d3c9bec652402045c83',
  '{"db":"sra","accession":"2492428"}',
  '1959a2de981a3be7f8abb0a812fc5854c8bd5dbd41271df58f5ceab0c3e2f62c',
  '378631e79ae716db89f1ae87dc12e0b134959dada83e3f62da7e49a6bc7eeb57',
  'ab8eed98f04c8a41524e4e0e67c9ee57c3ac5dfd4d0f3f91e8a5515ce1438db5' ]
Running task [34mbwa mem | samtools view | samtools sort[39m
  Resolving output patterns to files
    No matches found for pattern [35mreads.bam[39m in /Users/jmazz/Documents/repos/bionode-waterwheel/examples/vc-simple
  Resolving input
trajectory for 193e7afbcb7b141b9335f193678bae105cc1df30bec64aa9867bd9033aee8d06:  [ '{"url":"http://ftp.ncbi.nlm.nih.gov/genomes/all/GCA_000988525.2_ASM98852v2/GCA_000988525.2_ASM98852v2_genomic.fna.gz"}',
  'f4ecd19156e316cedc280fdfc81f4fbeaeb5783c5aa0ea0b90f7b68f5a838b54',
  '6facee608df7878dbfa05bb3ad1c26f9c938ad7c31a40d3c9bec652402045c83',
  '{"db":"sra","accession":"2492428"}',
  '1959a2de981a3be7f8abb0a812fc5854c8bd5dbd41271df58f5ceab0c3e2f62c',
  '378631e79ae716db89f1ae87dc12e0b134959dada83e3f62da7e49a6bc7eeb57',
  'ab8eed98f04c8a41524e4e0e67c9ee57c3ac5dfd4d0f3f91e8a5515ce1438db5' ]
traverse got undefined, returning
    [35m*_genomic.fna.gz[39m matched to [34m/Users/jmazz/Documents/repos/bionode-waterwheel/examples/vc-simple/GCA_000988525.2_ASM98852v2_genomic.fna.gz[39m
traverse got undefined, returning
    [35m*_1.fastq.gz[39m matched to [34m/Users/jmazz/Documents/repos/bionode-waterwheel/examples/vc-simple/ERR1229296_1.fastq.gz[39m
traverse got undefined, returning
traverse got undefined, returning
    [35m*_2.fastq.gz[39m matched to [34m/Users/jmazz/Documents/repos/bionode-waterwheel/examples/vc-simple/ERR1229296_2.fastq.gz[39m
traverse got undefined, returning
traverse got undefined, returning
resolvedInput:  { reference: '/Users/jmazz/Documents/repos/bionode-waterwheel/examples/vc-simple/GCA_000988525.2_ASM98852v2_genomic.fna.gz',
  reads: 
   { '1': '/Users/jmazz/Documents/repos/bionode-waterwheel/examples/vc-simple/ERR1229296_1.fastq.gz',
     '2': '/Users/jmazz/Documents/repos/bionode-waterwheel/examples/vc-simple/ERR1229296_2.fastq.gz' } }
  Starting: 
bwa mem -t 4 /Users/jmazz/Documents/repos/bionode-waterwheel/examples/vc-simple/GCA_000988525.2_ASM98852v2_genomic.fna.gz /Users/jmazz/Documents/repos/bionode-waterwheel/examples/vc-simple/ERR1229296_1.fastq.gz /Users/jmazz/Documents/repos/bionode-waterwheel/examples/vc-simple/ERR1229296_2.fastq.gz | samtools view -@ 4 -Sbh - | samtools sort -@ 4 - -o reads.bam > reads.bam

    stderr: [M::bwa_idx_load_from_disk] read 0 ALT contigs
    stderr: 
    stderr: [M::process] read 269160 sequences (40000004 bp)...
    stderr: 
    stderr: [M::process] read 270482 sequences (40000238 bp)...
    stderr: 
    stderr: [M::mem_pestat] # candidate unique pairs for (FF, FR, RF, RR): (77, 104404, 6, 69)
    stderr: [M::mem_pestat] analyzing insert size distribution for orientation FF...
    stderr: [M::mem_pestat] (25, 50, 75) percentile: (154, 268, 482)
    stderr: [M::mem_pestat] low and high boundaries for computing mean and std.dev: (1, 1138)
    stderr: [M::mem_pestat] mean and std.dev: (320.70, 217.63)
    stderr: [M::mem_pestat] low and high boundaries for proper pairs: (1, 1466)
    stderr: [M::mem_pestat] analyzing insert size distribution for orientation FR...
    stderr: 
    stderr: [M::mem_pestat] (25, 50, 75) percentile: (273, 382, 538)
    stderr: [M::mem_pestat] low and high boundaries for computing mean and std.dev: (1, 1068)
    stderr: 
    stderr: [M::mem_pestat] mean and std.dev: (418.82, 198.63)
    stderr: [M::mem_pestat] low and high boundaries for proper pairs: (1, 1333)
    stderr: [M::mem_pestat] skip orientation RF as there are not enough pairs
    stderr: [M::mem_pestat] analyzing insert size distribution for orientation RR...
    stderr: [M::mem_pestat] (25, 50, 75) percentile: (151, 276, 480)
    stderr: [M::mem_pestat] low and high boundaries for computing mean and std.dev: (1, 1138)
    stderr: [M::mem_pestat] mean and std.dev: (315.55, 218.10)
    stderr: [M::mem_pestat] low and high boundaries for proper pairs: (1, 1467)
    stderr: [M::mem_pestat] skip orientation FF
    stderr: [M::mem_pestat] skip orientation RR
    stderr: 
    stderr: [M::mem_process_seqs] Processed 269160 reads in 37.345 CPU sec, 10.262 real sec
    stderr: 
    stderr: [M::process] read 269990 sequences (40000004 bp)...
    stderr: 
    stderr: [M::mem_pestat] # candidate unique pairs for (FF, FR, RF, RR): (62, 111235, 9, 37)
    stderr: [M::mem_pestat] analyzing insert size distribution for orientation FF...
    stderr: [M::mem_pestat] (25, 50, 75) percentile: (134, 215, 367)
    stderr: [M::mem_pestat] low and high boundaries for computing mean and std.dev: (1, 833)
    stderr: [M::mem_pestat] mean and std.dev: (217.69, 134.39)
    stderr: [M::mem_pestat] low and high boundaries for proper pairs: (1, 1066)
    stderr: [M::mem_pestat] analyzing insert size distribution for orientation FR...
    stderr: 
    stderr: [M::mem_pestat] (25, 50, 75) percentile: (241, 327, 445)
    stderr: [M::mem_pestat] low and high boundaries for computing mean and std.dev: (1, 853)
    stderr: 
    stderr: [M::mem_pestat] mean and std.dev: (351.10, 155.04)
    stderr: [M::mem_pestat] low and high boundaries for proper pairs: (1, 1057)
    stderr: [M::mem_pestat] skip orientation RF as there are not enough pairs
    stderr: [M::mem_pestat] analyzing insert size distribution for orientation RR...
    stderr: [M::mem_pestat] (25, 50, 75) percentile: (71, 192, 338)
    stderr: [M::mem_pestat] low and high boundaries for computing mean and std.dev: (1, 872)
    stderr: [M::mem_pestat] mean and std.dev: (190.75, 161.92)
    stderr: [M::mem_pestat] low and high boundaries for proper pairs: (1, 1139)
    stderr: [M::mem_pestat] skip orientation FF
    stderr: [M::mem_pestat] skip orientation RR
    stderr: 
    stderr: [M::mem_process_seqs] Processed 270482 reads in 37.254 CPU sec, 12.854 real sec
    stderr: 
    stderr: [M::process] read 269642 sequences (40000077 bp)...
    stderr: 
    stderr: [M::mem_pestat] # candidate unique pairs for (FF, FR, RF, RR): (59, 111280, 5, 38)
    stderr: [M::mem_pestat] analyzing insert size distribution for orientation FF...
    stderr: [M::mem_pestat] (25, 50, 75) percentile: (138, 201, 325)
    stderr: [M::mem_pestat] low and high boundaries for computing mean and std.dev: (1, 699)
    stderr: [M::mem_pestat] mean and std.dev: (214.13, 132.62)
    stderr: [M::mem_pestat] low and high boundaries for proper pairs: (1, 886)
    stderr: [M::mem_pestat] analyzing insert size distribution for orientation FR...
    stderr: 
    stderr: [M::mem_pestat] (25, 50, 75) percentile: (246, 334, 457)
    stderr: [M::mem_pestat] low and high boundaries for computing mean and std.dev: (1, 879)
    stderr: 
    stderr: [M::mem_pestat] mean and std.dev: (359.76, 160.33)
    stderr: [M::mem_pestat] low and high boundaries for proper pairs: (1, 1090)
    stderr: [M::mem_pestat] skip orientation RF as there are not enough pairs
    stderr: [M::mem_pestat] analyzing insert size distribution for orientation RR...
    stderr: [M::mem_pestat] (25, 50, 75) percentile: (139, 210, 341)
    stderr: [M::mem_pestat] low and high boundaries for computing mean and std.dev: (1, 745)
    stderr: [M::mem_pestat] mean and std.dev: (214.03, 107.95)
    stderr: [M::mem_pestat] low and high boundaries for proper pairs: (1, 947)
    stderr: 
    stderr: [M::mem_pestat] skip orientation FF
    stderr: [M::mem_pestat] skip orientation RR
    stderr: 
    stderr: [M::mem_process_seqs] Processed 269990 reads in 37.239 CPU sec, 12.256 real sec
    stderr: 
    stderr: [M::process] read 85042 sequences (12630111 bp)...
    stderr: 
    stderr: [M::mem_pestat] # candidate unique pairs for (FF, FR, RF, RR): (61, 111130, 10, 47)
    stderr: [M::mem_pestat] analyzing insert size distribution for orientation FF...
    stderr: [M::mem_pestat] (25, 50, 75) percentile: (178, 261, 492)
    stderr: [M::mem_pestat] low and high boundaries for computing mean and std.dev: (1, 1120)
    stderr: [M::mem_pestat] mean and std.dev: (321.61, 254.00)
    stderr: [M::mem_pestat] low and high boundaries for proper pairs: (1, 1434)
    stderr: [M::mem_pestat] analyzing insert size distribution for orientation FR...
    stderr: 
    stderr: [M::mem_pestat] (25, 50, 75) percentile: (248, 337, 466)
    stderr: [M::mem_pestat] low and high boundaries for computing mean and std.dev: (1, 902)
    stderr: 
    stderr: [M::mem_pestat] mean and std.dev: (366.04, 165.56)
    stderr: [M::mem_pestat] low and high boundaries for proper pairs: (1, 1120)
    stderr: [M::mem_pestat] analyzing insert size distribution for orientation RF...
    stderr: [M::mem_pestat] (25, 50, 75) percentile: (19, 519, 780)
    stderr: [M::mem_pestat] low and high boundaries for computing mean and std.dev: (1, 2302)
    stderr: [M::mem_pestat] mean and std.dev: (247.12, 294.97)
    stderr: [M::mem_pestat] low and high boundaries for proper pairs: (1, 3063)
    stderr: [M::mem_pestat] analyzing insert size distribution for orientation RR...
    stderr: [M::mem_pestat] (25, 50, 75) percentile: (124, 232, 359)
    stderr: [M::mem_pestat] low and high boundaries for computing mean and std.dev: (1, 829)
    stderr: [M::mem_pestat] mean and std.dev: (235.98, 154.05)
    stderr: [M::mem_pestat] low and high boundaries for proper pairs: (1, 1064)
    stderr: [M::mem_pestat] skip orientation FF
    stderr: [M::mem_pestat] skip orientation RF
    stderr: [M::mem_pestat] skip orientation RR
    stderr: 
    stderr: [M::mem_process_seqs] Processed 269642 reads in 36.247 CPU sec, 12.024 real sec
    stderr: 
    stderr: [M::mem_pestat] # candidate unique pairs for (FF, FR, RF, RR): (11, 35060, 2, 17)
    stderr: [M::mem_pestat] analyzing insert size distribution for orientation FF...
    stderr: [M::mem_pestat] (25, 50, 75) percentile: (176, 339, 446)
    stderr: [M::mem_pestat] low and high boundaries for computing mean and std.dev: (1, 986)
    stderr: [M::mem_pestat] mean and std.dev: (322.64, 198.92)
    stderr: [M::mem_pestat] low and high boundaries for proper pairs: (1, 1256)
    stderr: [M::mem_pestat] analyzing insert size distribution for orientation FR...
    stderr: 
    stderr: [M::mem_pestat] (25, 50, 75) percentile: (251, 341, 470)
    stderr: [M::mem_pestat] low and high boundaries for computing mean and std.dev: (1, 908)
    stderr: 
    stderr: [M::mem_pestat] mean and std.dev: (369.63, 165.89)
    stderr: [M::mem_pestat] low and high boundaries for proper pairs: (1, 1127)
    stderr: [M::mem_pestat] skip orientation RF as there are not enough pairs
    stderr: [M::mem_pestat] analyzing insert size distribution for orientation RR...
    stderr: [M::mem_pestat] (25, 50, 75) percentile: (102, 182, 321)
    stderr: [M::mem_pestat] low and high boundaries for computing mean and std.dev: (1, 759)
    stderr: [M::mem_pestat] mean and std.dev: (209.35, 127.97)
    stderr: [M::mem_pestat] low and high boundaries for proper pairs: (1, 978)
    stderr: [M::mem_pestat] skip orientation FF
    stderr: [M::mem_pestat] skip orientation RR
    stderr: 
    stderr: [M::mem_process_seqs] Processed 85042 reads in 11.631 CPU sec, 5.159 real sec
    stderr: 
    stderr: [main] Version: 0.7.14-r1136
    stderr: [main] CMD: bwa mem -t 4 /Users/jmazz/Documents/repos/bionode-waterwheel/examples/vc-simple/GCA_000988525.2_ASM98852v2_genomic.fna.gz /Users/jmazz/Documents/repos/bionode-waterwheel/examples/vc-simple/ERR1229296_1.fastq.gz /Users/jmazz/Documents/repos/bionode-waterwheel/examples/vc-simple/ERR1229296_2.fastq.gz
    stderr: [main] Real time: 56.155 sec; CPU: 160.839 sec
    stderr: 
CP exited:  0
asyncDone result:  undefined
  Resolving output patterns to files
CP closed: 0
  Running validations
  All validations successful
Wrote info for /Users/jmazz/Documents/repos/bionode-waterwheel/examples/vc-simple/reads.bam to waterwheel.json
  Wrote output(s) time+hash to waterwheel.json
collection as json:  {
  "{\"url\":\"http://ftp.ncbi.nlm.nih.gov/genomes/all/GCA_000988525.2_ASM98852v2/GCA_000988525.2_ASM98852v2_genomic.fna.gz\"}": {
    "_value": "",
    "f4ecd19156e316cedc280fdfc81f4fbeaeb5783c5aa0ea0b90f7b68f5a838b54": {
      "_value": "/Users/jmazz/Documents/repos/bionode-waterwheel/examples/vc-simple/GCA_000988525.2_ASM98852v2_genomic.fna.gz",
      "6facee608df7878dbfa05bb3ad1c26f9c938ad7c31a40d3c9bec652402045c83": {
        "_value": [
          "/Users/jmazz/Documents/repos/bionode-waterwheel/examples/vc-simple/GCA_000988525.2_ASM98852v2_genomic.fna.gz.amb",
          "/Users/jmazz/Documents/repos/bionode-waterwheel/examples/vc-simple/GCA_000988525.2_ASM98852v2_genomic.fna.gz.ann",
          "/Users/jmazz/Documents/repos/bionode-waterwheel/examples/vc-simple/GCA_000988525.2_ASM98852v2_genomic.fna.gz.bwt",
          "/Users/jmazz/Documents/repos/bionode-waterwheel/examples/vc-simple/GCA_000988525.2_ASM98852v2_genomic.fna.gz.pac",
          "/Users/jmazz/Documents/repos/bionode-waterwheel/examples/vc-simple/GCA_000988525.2_ASM98852v2_genomic.fna.gz.sa"
        ]
      }
    }
  },
  "{\"db\":\"sra\",\"accession\":\"2492428\"}": {
    "_value": "",
    "1959a2de981a3be7f8abb0a812fc5854c8bd5dbd41271df58f5ceab0c3e2f62c": {
      "_value": "/Users/jmazz/Documents/repos/bionode-waterwheel/examples/vc-simple/2492428/ERR1229296.sra",
      "378631e79ae716db89f1ae87dc12e0b134959dada83e3f62da7e49a6bc7eeb57": {
        "_value": [
          "/Users/jmazz/Documents/repos/bionode-waterwheel/examples/vc-simple/ERR1229296_1.fastq.gz",
          "/Users/jmazz/Documents/repos/bionode-waterwheel/examples/vc-simple/ERR1229296_2.fastq.gz"
        ],
        "ab8eed98f04c8a41524e4e0e67c9ee57c3ac5dfd4d0f3f91e8a5515ce1438db5": {
          "_value": "/Users/jmazz/Documents/repos/bionode-waterwheel/examples/vc-simple/GCA_000988525.2_ASM98852v2_genomic.fna",
          "193e7afbcb7b141b9335f193678bae105cc1df30bec64aa9867bd9033aee8d06": {
            "_value": [
              "/Users/jmazz/Documents/repos/bionode-waterwheel/examples/vc-simple/reads.bam"
            ]
          }
        }
      }
    }
  }
}
GeneratorFunctionPrototype { _invoke: [Function: invoke] }
newTrajection:  [ '{"url":"http://ftp.ncbi.nlm.nih.gov/genomes/all/GCA_000988525.2_ASM98852v2/GCA_000988525.2_ASM98852v2_genomic.fna.gz"}',
  'f4ecd19156e316cedc280fdfc81f4fbeaeb5783c5aa0ea0b90f7b68f5a838b54',
  '6facee608df7878dbfa05bb3ad1c26f9c938ad7c31a40d3c9bec652402045c83',
  '{"db":"sra","accession":"2492428"}',
  '1959a2de981a3be7f8abb0a812fc5854c8bd5dbd41271df58f5ceab0c3e2f62c',
  '378631e79ae716db89f1ae87dc12e0b134959dada83e3f62da7e49a6bc7eeb57',
  'ab8eed98f04c8a41524e4e0e67c9ee57c3ac5dfd4d0f3f91e8a5515ce1438db5',
  '193e7afbcb7b141b9335f193678bae105cc1df30bec64aa9867bd9033aee8d06' ]
currentTrajectory:  [ '{"url":"http://ftp.ncbi.nlm.nih.gov/genomes/all/GCA_000988525.2_ASM98852v2/GCA_000988525.2_ASM98852v2_genomic.fna.gz"}',
  'f4ecd19156e316cedc280fdfc81f4fbeaeb5783c5aa0ea0b90f7b68f5a838b54',
  '6facee608df7878dbfa05bb3ad1c26f9c938ad7c31a40d3c9bec652402045c83',
  '{"db":"sra","accession":"2492428"}',
  '1959a2de981a3be7f8abb0a812fc5854c8bd5dbd41271df58f5ceab0c3e2f62c',
  '378631e79ae716db89f1ae87dc12e0b134959dada83e3f62da7e49a6bc7eeb57',
  'ab8eed98f04c8a41524e4e0e67c9ee57c3ac5dfd4d0f3f91e8a5515ce1438db5',
  '193e7afbcb7b141b9335f193678bae105cc1df30bec64aa9867bd9033aee8d06' ]
Running task [34msamtools index[39m
  Resolving output patterns to files
    No matches found for pattern [35m*.bam.bai[39m in /Users/jmazz/Documents/repos/bionode-waterwheel/examples/vc-simple
  Resolving input
trajectory for 5eae9cb5349e2485198fd509ecb4b889849f8f434996fb48fa535bbbc40be291:  [ '{"url":"http://ftp.ncbi.nlm.nih.gov/genomes/all/GCA_000988525.2_ASM98852v2/GCA_000988525.2_ASM98852v2_genomic.fna.gz"}',
  'f4ecd19156e316cedc280fdfc81f4fbeaeb5783c5aa0ea0b90f7b68f5a838b54',
  '6facee608df7878dbfa05bb3ad1c26f9c938ad7c31a40d3c9bec652402045c83',
  '{"db":"sra","accession":"2492428"}',
  '1959a2de981a3be7f8abb0a812fc5854c8bd5dbd41271df58f5ceab0c3e2f62c',
  '378631e79ae716db89f1ae87dc12e0b134959dada83e3f62da7e49a6bc7eeb57',
  'ab8eed98f04c8a41524e4e0e67c9ee57c3ac5dfd4d0f3f91e8a5515ce1438db5',
  '193e7afbcb7b141b9335f193678bae105cc1df30bec64aa9867bd9033aee8d06' ]
    [35mreads.bam[39m matched to [34m/Users/jmazz/Documents/repos/bionode-waterwheel/examples/vc-simple/reads.bam[39m
traverse got undefined, returning
traverse got undefined, returning
resolvedInput:  /Users/jmazz/Documents/repos/bionode-waterwheel/examples/vc-simple/reads.bam
  Starting: samtools index /Users/jmazz/Documents/repos/bionode-waterwheel/examples/vc-simple/reads.bam
CP exited:  0
asyncDone result:  undefined
  Resolving output patterns to files
CP closed: 0
  Running validations
  All validations successful
Wrote info for /Users/jmazz/Documents/repos/bionode-waterwheel/examples/vc-simple/reads.bam.bai to waterwheel.json
  Wrote output(s) time+hash to waterwheel.json
collection as json:  {
  "{\"url\":\"http://ftp.ncbi.nlm.nih.gov/genomes/all/GCA_000988525.2_ASM98852v2/GCA_000988525.2_ASM98852v2_genomic.fna.gz\"}": {
    "_value": "",
    "f4ecd19156e316cedc280fdfc81f4fbeaeb5783c5aa0ea0b90f7b68f5a838b54": {
      "_value": "/Users/jmazz/Documents/repos/bionode-waterwheel/examples/vc-simple/GCA_000988525.2_ASM98852v2_genomic.fna.gz",
      "6facee608df7878dbfa05bb3ad1c26f9c938ad7c31a40d3c9bec652402045c83": {
        "_value": [
          "/Users/jmazz/Documents/repos/bionode-waterwheel/examples/vc-simple/GCA_000988525.2_ASM98852v2_genomic.fna.gz.amb",
          "/Users/jmazz/Documents/repos/bionode-waterwheel/examples/vc-simple/GCA_000988525.2_ASM98852v2_genomic.fna.gz.ann",
          "/Users/jmazz/Documents/repos/bionode-waterwheel/examples/vc-simple/GCA_000988525.2_ASM98852v2_genomic.fna.gz.bwt",
          "/Users/jmazz/Documents/repos/bionode-waterwheel/examples/vc-simple/GCA_000988525.2_ASM98852v2_genomic.fna.gz.pac",
          "/Users/jmazz/Documents/repos/bionode-waterwheel/examples/vc-simple/GCA_000988525.2_ASM98852v2_genomic.fna.gz.sa"
        ]
      }
    }
  },
  "{\"db\":\"sra\",\"accession\":\"2492428\"}": {
    "_value": "",
    "1959a2de981a3be7f8abb0a812fc5854c8bd5dbd41271df58f5ceab0c3e2f62c": {
      "_value": "/Users/jmazz/Documents/repos/bionode-waterwheel/examples/vc-simple/2492428/ERR1229296.sra",
      "378631e79ae716db89f1ae87dc12e0b134959dada83e3f62da7e49a6bc7eeb57": {
        "_value": [
          "/Users/jmazz/Documents/repos/bionode-waterwheel/examples/vc-simple/ERR1229296_1.fastq.gz",
          "/Users/jmazz/Documents/repos/bionode-waterwheel/examples/vc-simple/ERR1229296_2.fastq.gz"
        ],
        "ab8eed98f04c8a41524e4e0e67c9ee57c3ac5dfd4d0f3f91e8a5515ce1438db5": {
          "_value": "/Users/jmazz/Documents/repos/bionode-waterwheel/examples/vc-simple/GCA_000988525.2_ASM98852v2_genomic.fna",
          "193e7afbcb7b141b9335f193678bae105cc1df30bec64aa9867bd9033aee8d06": {
            "_value": [
              "/Users/jmazz/Documents/repos/bionode-waterwheel/examples/vc-simple/reads.bam"
            ],
            "5eae9cb5349e2485198fd509ecb4b889849f8f434996fb48fa535bbbc40be291": {
              "_value": "/Users/jmazz/Documents/repos/bionode-waterwheel/examples/vc-simple/reads.bam.bai"
            }
          }
        }
      }
    }
  }
}
GeneratorFunctionPrototype { _invoke: [Function: invoke] }
newTrajection:  [ '{"url":"http://ftp.ncbi.nlm.nih.gov/genomes/all/GCA_000988525.2_ASM98852v2/GCA_000988525.2_ASM98852v2_genomic.fna.gz"}',
  'f4ecd19156e316cedc280fdfc81f4fbeaeb5783c5aa0ea0b90f7b68f5a838b54',
  '6facee608df7878dbfa05bb3ad1c26f9c938ad7c31a40d3c9bec652402045c83',
  '{"db":"sra","accession":"2492428"}',
  '1959a2de981a3be7f8abb0a812fc5854c8bd5dbd41271df58f5ceab0c3e2f62c',
  '378631e79ae716db89f1ae87dc12e0b134959dada83e3f62da7e49a6bc7eeb57',
  'ab8eed98f04c8a41524e4e0e67c9ee57c3ac5dfd4d0f3f91e8a5515ce1438db5',
  '193e7afbcb7b141b9335f193678bae105cc1df30bec64aa9867bd9033aee8d06',
  '5eae9cb5349e2485198fd509ecb4b889849f8f434996fb48fa535bbbc40be291' ]
currentTrajectory:  [ '{"url":"http://ftp.ncbi.nlm.nih.gov/genomes/all/GCA_000988525.2_ASM98852v2/GCA_000988525.2_ASM98852v2_genomic.fna.gz"}',
  'f4ecd19156e316cedc280fdfc81f4fbeaeb5783c5aa0ea0b90f7b68f5a838b54',
  '6facee608df7878dbfa05bb3ad1c26f9c938ad7c31a40d3c9bec652402045c83',
  '{"db":"sra","accession":"2492428"}',
  '1959a2de981a3be7f8abb0a812fc5854c8bd5dbd41271df58f5ceab0c3e2f62c',
  '378631e79ae716db89f1ae87dc12e0b134959dada83e3f62da7e49a6bc7eeb57',
  'ab8eed98f04c8a41524e4e0e67c9ee57c3ac5dfd4d0f3f91e8a5515ce1438db5',
  '193e7afbcb7b141b9335f193678bae105cc1df30bec64aa9867bd9033aee8d06',
  '5eae9cb5349e2485198fd509ecb4b889849f8f434996fb48fa535bbbc40be291' ]
Running task [34msamtools mpileup | bcftools call[39m
  Resolving output patterns to files
    No matches found for pattern [35mvariants.vcf[39m in /Users/jmazz/Documents/repos/bionode-waterwheel/examples/vc-simple
  Resolving input
trajectory for 449908da66ac2ecccd1daeca01c350e5ce6aaa534ac1dea87e99f02175cb80ec:  [ '{"url":"http://ftp.ncbi.nlm.nih.gov/genomes/all/GCA_000988525.2_ASM98852v2/GCA_000988525.2_ASM98852v2_genomic.fna.gz"}',
  'f4ecd19156e316cedc280fdfc81f4fbeaeb5783c5aa0ea0b90f7b68f5a838b54',
  '6facee608df7878dbfa05bb3ad1c26f9c938ad7c31a40d3c9bec652402045c83',
  '{"db":"sra","accession":"2492428"}',
  '1959a2de981a3be7f8abb0a812fc5854c8bd5dbd41271df58f5ceab0c3e2f62c',
  '378631e79ae716db89f1ae87dc12e0b134959dada83e3f62da7e49a6bc7eeb57',
  'ab8eed98f04c8a41524e4e0e67c9ee57c3ac5dfd4d0f3f91e8a5515ce1438db5',
  '193e7afbcb7b141b9335f193678bae105cc1df30bec64aa9867bd9033aee8d06',
  '5eae9cb5349e2485198fd509ecb4b889849f8f434996fb48fa535bbbc40be291' ]
    [35m*_genomic.fna[39m matched to [34m/Users/jmazz/Documents/repos/bionode-waterwheel/examples/vc-simple/GCA_000988525.2_ASM98852v2_genomic.fna[39m
traverse got undefined, returning
traverse got undefined, returning
    [35m*.bam[39m matched to [34m/Users/jmazz/Documents/repos/bionode-waterwheel/examples/vc-simple/reads.bam[39m
traverse got undefined, returning
traverse got undefined, returning
    [35m*.bam.bai[39m matched to [34m/Users/jmazz/Documents/repos/bionode-waterwheel/examples/vc-simple/reads.bam.bai[39m
traverse got undefined, returning
traverse got undefined, returning
resolvedInput:  { reference: '/Users/jmazz/Documents/repos/bionode-waterwheel/examples/vc-simple/GCA_000988525.2_ASM98852v2_genomic.fna',
  bam: '/Users/jmazz/Documents/repos/bionode-waterwheel/examples/vc-simple/reads.bam',
  _bai: '/Users/jmazz/Documents/repos/bionode-waterwheel/examples/vc-simple/reads.bam.bai' }
  Starting: 
samtools mpileup -uf /Users/jmazz/Documents/repos/bionode-waterwheel/examples/vc-simple/GCA_000988525.2_ASM98852v2_genomic.fna /Users/jmazz/Documents/repos/bionode-waterwheel/examples/vc-simple/reads.bam | bcftools call -c - > variants.vcf

    stderr: [fai_load] build FASTA index.
    stderr: 
    stderr: Note: Neither --ploidy nor --ploidy-file given, assuming all sites are diploid
    stderr: 
    stderr: [mpileup] 1 samples in 1 input files
    stderr: 
    stderr: <mpileup> Set max per-file depth to 8000
    stderr: 
CP exited:  0
asyncDone result:  undefined
  Resolving output patterns to files
CP closed: 0
  Running validations
  All validations successful
Wrote info for /Users/jmazz/Documents/repos/bionode-waterwheel/examples/vc-simple/variants.vcf to waterwheel.json
  Wrote output(s) time+hash to waterwheel.json
collection as json:  {
  "{\"url\":\"http://ftp.ncbi.nlm.nih.gov/genomes/all/GCA_000988525.2_ASM98852v2/GCA_000988525.2_ASM98852v2_genomic.fna.gz\"}": {
    "_value": "",
    "f4ecd19156e316cedc280fdfc81f4fbeaeb5783c5aa0ea0b90f7b68f5a838b54": {
      "_value": "/Users/jmazz/Documents/repos/bionode-waterwheel/examples/vc-simple/GCA_000988525.2_ASM98852v2_genomic.fna.gz",
      "6facee608df7878dbfa05bb3ad1c26f9c938ad7c31a40d3c9bec652402045c83": {
        "_value": [
          "/Users/jmazz/Documents/repos/bionode-waterwheel/examples/vc-simple/GCA_000988525.2_ASM98852v2_genomic.fna.gz.amb",
          "/Users/jmazz/Documents/repos/bionode-waterwheel/examples/vc-simple/GCA_000988525.2_ASM98852v2_genomic.fna.gz.ann",
          "/Users/jmazz/Documents/repos/bionode-waterwheel/examples/vc-simple/GCA_000988525.2_ASM98852v2_genomic.fna.gz.bwt",
          "/Users/jmazz/Documents/repos/bionode-waterwheel/examples/vc-simple/GCA_000988525.2_ASM98852v2_genomic.fna.gz.pac",
          "/Users/jmazz/Documents/repos/bionode-waterwheel/examples/vc-simple/GCA_000988525.2_ASM98852v2_genomic.fna.gz.sa"
        ]
      }
    }
  },
  "{\"db\":\"sra\",\"accession\":\"2492428\"}": {
    "_value": "",
    "1959a2de981a3be7f8abb0a812fc5854c8bd5dbd41271df58f5ceab0c3e2f62c": {
      "_value": "/Users/jmazz/Documents/repos/bionode-waterwheel/examples/vc-simple/2492428/ERR1229296.sra",
      "378631e79ae716db89f1ae87dc12e0b134959dada83e3f62da7e49a6bc7eeb57": {
        "_value": [
          "/Users/jmazz/Documents/repos/bionode-waterwheel/examples/vc-simple/ERR1229296_1.fastq.gz",
          "/Users/jmazz/Documents/repos/bionode-waterwheel/examples/vc-simple/ERR1229296_2.fastq.gz"
        ],
        "ab8eed98f04c8a41524e4e0e67c9ee57c3ac5dfd4d0f3f91e8a5515ce1438db5": {
          "_value": "/Users/jmazz/Documents/repos/bionode-waterwheel/examples/vc-simple/GCA_000988525.2_ASM98852v2_genomic.fna",
          "193e7afbcb7b141b9335f193678bae105cc1df30bec64aa9867bd9033aee8d06": {
            "_value": [
              "/Users/jmazz/Documents/repos/bionode-waterwheel/examples/vc-simple/reads.bam"
            ],
            "5eae9cb5349e2485198fd509ecb4b889849f8f434996fb48fa535bbbc40be291": {
              "_value": "/Users/jmazz/Documents/repos/bionode-waterwheel/examples/vc-simple/reads.bam.bai",
              "449908da66ac2ecccd1daeca01c350e5ce6aaa534ac1dea87e99f02175cb80ec": {
                "_value": "/Users/jmazz/Documents/repos/bionode-waterwheel/examples/vc-simple/variants.vcf"
              }
            }
          }
        }
      }
    }
  }
}
GeneratorFunctionPrototype { _invoke: [Function: invoke] }
newTrajection:  [ '{"url":"http://ftp.ncbi.nlm.nih.gov/genomes/all/GCA_000988525.2_ASM98852v2/GCA_000988525.2_ASM98852v2_genomic.fna.gz"}',
  'f4ecd19156e316cedc280fdfc81f4fbeaeb5783c5aa0ea0b90f7b68f5a838b54',
  '6facee608df7878dbfa05bb3ad1c26f9c938ad7c31a40d3c9bec652402045c83',
  '{"db":"sra","accession":"2492428"}',
  '1959a2de981a3be7f8abb0a812fc5854c8bd5dbd41271df58f5ceab0c3e2f62c',
  '378631e79ae716db89f1ae87dc12e0b134959dada83e3f62da7e49a6bc7eeb57',
  'ab8eed98f04c8a41524e4e0e67c9ee57c3ac5dfd4d0f3f91e8a5515ce1438db5',
  '193e7afbcb7b141b9335f193678bae105cc1df30bec64aa9867bd9033aee8d06',
  '5eae9cb5349e2485198fd509ecb4b889849f8f434996fb48fa535bbbc40be291',
  '449908da66ac2ecccd1daeca01c350e5ce6aaa534ac1dea87e99f02175cb80ec' ]
newTrajection:  [ '{"url":"http://ftp.ncbi.nlm.nih.gov/genomes/all/GCA_000988525.2_ASM98852v2/GCA_000988525.2_ASM98852v2_genomic.fna.gz"}',
  'f4ecd19156e316cedc280fdfc81f4fbeaeb5783c5aa0ea0b90f7b68f5a838b54',
  '6facee608df7878dbfa05bb3ad1c26f9c938ad7c31a40d3c9bec652402045c83',
  '{"db":"sra","accession":"2492428"}',
  '1959a2de981a3be7f8abb0a812fc5854c8bd5dbd41271df58f5ceab0c3e2f62c',
  '378631e79ae716db89f1ae87dc12e0b134959dada83e3f62da7e49a6bc7eeb57',
  'ab8eed98f04c8a41524e4e0e67c9ee57c3ac5dfd4d0f3f91e8a5515ce1438db5',
  '193e7afbcb7b141b9335f193678bae105cc1df30bec64aa9867bd9033aee8d06',
  '5eae9cb5349e2485198fd509ecb4b889849f8f434996fb48fa535bbbc40be291',
  '449908da66ac2ecccd1daeca01c350e5ce6aaa534ac1dea87e99f02175cb80ec' ]
PIPELINE RESULTS:  { trajectory: 
   [ '{"url":"http://ftp.ncbi.nlm.nih.gov/genomes/all/GCA_000988525.2_ASM98852v2/GCA_000988525.2_ASM98852v2_genomic.fna.gz"}',
     'f4ecd19156e316cedc280fdfc81f4fbeaeb5783c5aa0ea0b90f7b68f5a838b54',
     '6facee608df7878dbfa05bb3ad1c26f9c938ad7c31a40d3c9bec652402045c83',
     '{"db":"sra","accession":"2492428"}',
     '1959a2de981a3be7f8abb0a812fc5854c8bd5dbd41271df58f5ceab0c3e2f62c',
     '378631e79ae716db89f1ae87dc12e0b134959dada83e3f62da7e49a6bc7eeb57',
     'ab8eed98f04c8a41524e4e0e67c9ee57c3ac5dfd4d0f3f91e8a5515ce1438db5',
     '193e7afbcb7b141b9335f193678bae105cc1df30bec64aa9867bd9033aee8d06',
     '5eae9cb5349e2485198fd509ecb4b889849f8f434996fb48fa535bbbc40be291',
     '449908da66ac2ecccd1daeca01c350e5ce6aaa534ac1dea87e99f02175cb80ec' ] }
