Running task Download SRA 2492428
  Checking if valid output already exists
    Running validations for **/*.sra
      Time matched for 2492428/ERR1229296.sra
      passed validators
  Skipping this task
Running task Download reference genome for Salmonella enterica
  Checking if valid output already exists
    Running validations for GCA_000988525.2_ASM98852v2_genomic.fna.gz
      Time matched for GCA_000988525.2_ASM98852v2_genomic.fna.gz
      passed validators
  Skipping this task
Running task fastq-dump **/*.sra
  Checking if valid output already exists
    Running validations for *_1.fastq.gz
      Time matched for ERR1229296_1.fastq.gz
      passed validators
    Running validations for *_2.fastq.gz
      Time matched for ERR1229296_2.fastq.gz
      passed validators
  Skipping this task
Running task bwa index *_genomic.fna.gz
  Checking if valid output already exists
    Running validations for *_genomic.fna.gz.amb
      Time matched for GCA_000988525.2_ASM98852v2_genomic.fna.gz.amb
      passed validators
    Running validations for *_genomic.fna.gz.ann
      Time matched for GCA_000988525.2_ASM98852v2_genomic.fna.gz.ann
      passed validators
    Running validations for *_genomic.fna.gz.bwt
      Time matched for GCA_000988525.2_ASM98852v2_genomic.fna.gz.bwt
      passed validators
    Running validations for *_genomic.fna.gz.pac
      Time matched for GCA_000988525.2_ASM98852v2_genomic.fna.gz.pac
      passed validators
    Running validations for *_genomic.fna.gz.sa
      Time matched for GCA_000988525.2_ASM98852v2_genomic.fna.gz.sa
      passed validators
  Skipping this task
Running task Decompress reference
  Checking if valid output already exists
    Running validations for *_genomic.fna
      Time matched for GCA_000988525.2_ASM98852v2_genomic.fna
      passed validators
  Skipping this task
Running task bwa mem | samtools view | samtools sort
  Checking if valid output already exists
    Running validations for reads.bam
      Time matched for reads.bam
      passed validators
  Skipping this task
Running task samtools index
  Checking if valid output already exists
    Running validations for *.bam.bai
      Time matched for reads.bam.bai
      passed validators
  Skipping this task
Running task samtools mpileup | bcftools call
  Checking if valid output already exists
    Running validations for variants.vcf
      Time matched for variants.vcf
      passed validators
  Skipping this task
Pipeline has finished
hash matched for GCA_000988525.2_ASM98852v2_genomic.fna.gz.amb
hash matched for GCA_000988525.2_ASM98852v2_genomic.fna.gz.ann
hash matched for reads.bam.bai
hash matched for GCA_000988525.2_ASM98852v2_genomic.fna.gz.pac
hash matched for GCA_000988525.2_ASM98852v2_genomic.fna.gz
hash matched for GCA_000988525.2_ASM98852v2_genomic.fna.gz.sa
hash matched for GCA_000988525.2_ASM98852v2_genomic.fna.gz.bwt
hash matched for GCA_000988525.2_ASM98852v2_genomic.fna
hash matched for ERR1229296_1.fastq.gz
hash matched for ERR1229296_2.fastq.gz
hash matched for 2492428/ERR1229296.sra
hash matched for reads.bam
hash matched for variants.vcf
