Running task Download SRA 2492428
  Checking if valid output already exists
    Running validations for **/*.sra
    An input validation failed
    An input validation failed
    An input validation failed
  Resolving input
db { value: 'sra' }
    resolved sra from value
accession { value: '2492428' }
    resolved 2492428 from value
  Creating a stream from stream
Running task Download reference genome for Salmonella enterica
  Checking if valid output already exists
    Running validations for GCA_000988525.2_ASM98852v2_genomic.fna.gz
    An input validation failed
    An input validation failed
    An input validation failed
  Resolving input
    resolved http://ftp.ncbi.nlm.nih.gov/genomes/all/GCA_000988525.2_ASM98852v2/GCA_000988525.2_ASM98852v2_genomic.fna.gz from value
  Creating a stream from stream
  Stream has finished
  Resolving output
    Running validations for GCA_000988525.2_ASM98852v2_genomic.fna.gz
      passed validators
  Now going to generate checksums on resolved files
  Wrote hash+time info to waterwheel.json
Running task bwa index *_genomic.fna.gz
  Checking if valid output already exists
    Running validations for *_genomic.fna.gz.amb
    An input validation failed
    An input validation failed
    An input validation failed
    Running validations for *_genomic.fna.gz.ann
    An input validation failed
    An input validation failed
    An input validation failed
    Running validations for *_genomic.fna.gz.bwt
    An input validation failed
    An input validation failed
    An input validation failed
    Running validations for *_genomic.fna.gz.pac
    An input validation failed
    An input validation failed
    An input validation failed
    Running validations for *_genomic.fna.gz.sa
    An input validation failed
    An input validation failed
    An input validation failed
  Resolving input
    input: GCA_000988525.2_ASM98852v2_genomic.fna.gz from file
  Starting: bwa index GCA_000988525.2_ASM98852v2_genomic.fna.gz
  Creating a child process
Running task Decompress reference
  Checking if valid output already exists
    Running validations for *_genomic.fna
    An input validation failed
    An input validation failed
    An input validation failed
  Resolving input
    input: GCA_000988525.2_ASM98852v2_genomic.fna.gz from file
  Starting: bgzip -d GCA_000988525.2_ASM98852v2_genomic.fna.gz --stdout > GCA_000988525.2_ASM98852v2_genomic.fna
  Creating a child process
  Child process finished
    stderr: [bwa_index] Pack FASTA... 
  Child process finished
  Resolving output
    Running validations for *_genomic.fna
      passed validators
  Now going to generate checksums on resolved files
  Wrote hash+time info to waterwheel.json
    stderr: 0.08 sec
    stderr: [bwa_index] Construct BWT for the packed sequence...
    stderr: 
    stderr: [bwa_index] 1.62 seconds elapse.
    stderr: [bwa_index] Update BWT... 
    stderr: 0.03 sec
    stderr: [bwa_index] Pack forward-only FASTA... 
    stderr: 0.06 sec
    stderr: [bwa_index] Construct SA from BWT and Occ... 
    stderr: 0.57 sec
    stderr: [main] Version: 0.7.12-r1039
    stderr: [main] CMD: bwa index GCA_000988525.2_ASM98852v2_genomic.fna.gz
    stderr: 
    stderr: [main] Real time: 2.391 sec; CPU: 2.363 sec
    stderr: 
  Child process finished
  Resolving output
    Running validations for *_genomic.fna.gz.amb
      passed validators
    Running validations for *_genomic.fna.gz.ann
      passed validators
    Running validations for *_genomic.fna.gz.bwt
      passed validators
    Running validations for *_genomic.fna.gz.pac
      passed validators
    Running validations for *_genomic.fna.gz.sa
      passed validators
  Now going to generate checksums on resolved files
  Wrote hash+time info to waterwheel.json
  Stream has finished
  Resolving output
    Running validations for **/*.sra
      passed validators
  Now going to generate checksums on resolved files
  Wrote hash+time info to waterwheel.json
Running task fastq-dump **/*.sra
  Checking if valid output already exists
    Running validations for *_1.fastq.gz
    An input validation failed
    An input validation failed
    An input validation failed
    Running validations for *_2.fastq.gz
    An input validation failed
    An input validation failed
    An input validation failed
  Resolving input
patterns:
[ '**/*.sra' ]
val, matches
[ '2492428/ERR1229296.sra' ] [ '2492428/ERR1229296.sra' ]
    input: 2492428/ERR1229296.sra from passed in file
  Starting: fastq-dump --split-files --skip-technical --gzip 2492428/ERR1229296.sra
  Creating a child process
    stdout: Read 582158 spots for 2492428/ERR1229296.sra
    stdout: Written 582158 spots for 2492428/ERR1229296.sra
    stdout: 
  Child process finished
  Resolving output
    Running validations for *_1.fastq.gz
      passed validators
    Running validations for *_2.fastq.gz
      passed validators
  Now going to generate checksums on resolved files
  Wrote hash+time info to waterwheel.json
Running task bwa mem | samtools view | samtools sort
  Checking if valid output already exists
    Running validations for reads.bam
    An input validation failed
    An input validation failed
    An input validation failed
  Resolving input
reference { file: '*_genomic.fna.gz' }
    input: GCA_000988525.2_ASM98852v2_genomic.fna.gz from file
reads { '1': { file: '*_1.fastq.gz' }, '2': { file: '*_2.fastq.gz' } }
1 { file: '*_1.fastq.gz' }
    input: ERR1229296_1.fastq.gz from file
2 { file: '*_2.fastq.gz' }
    input: ERR1229296_2.fastq.gz from file
  Starting: 
bwa mem -t 20 GCA_000988525.2_ASM98852v2_genomic.fna.gz ERR1229296_1.fastq.gz ERR1229296_2.fastq.gz | samtools view -@ 20 -Sbh - | samtools sort -@ 20 - -o reads.bam > reads.bam

  Creating a child process
    stderr: [M::bwa_idx_load_from_disk] read 0 ALT contigs
    stderr: 
    stderr: [M::process] read 1164316 sequences (172630434 bp)...
    stderr: 
    stderr: [M::mem_pestat] # candidate unique pairs for (FF, FR, RF, RR): (270, 473109, 32, 208)
    stderr: [M::mem_pestat] analyzing insert size distribution for orientation FF...
    stderr: 
    stderr: [M::mem_pestat] (25, 50, 75) percentile: (141, 240, 409)
    stderr: [M::mem_pestat] low and high boundaries for computing mean and std.dev: (1, 945)
    stderr: 
    stderr: [M::mem_pestat] mean and std.dev: (272.16, 187.70)
    stderr: [M::mem_pestat] low and high boundaries for proper pairs: (1, 1213)
    stderr: [M::mem_pestat] analyzing insert size distribution for orientation FR...
    stderr: 
    stderr: [M::mem_pestat] (25, 50, 75) percentile: (251, 343, 474)
    stderr: [M::mem_pestat] low and high boundaries for computing mean and std.dev: (1, 920)
    stderr: 
    stderr: [M::mem_pestat] mean and std.dev: (372.03, 169.80)
    stderr: [M::mem_pestat] low and high boundaries for proper pairs: (1, 1143)
    stderr: 
    stderr: [M::mem_pestat] analyzing insert size distribution for orientation RF...
    stderr: 
    stderr: [M::mem_pestat] (25, 50, 75) percentile: (37, 488, 9407)
    stderr: [M::mem_pestat] low and high boundaries for computing mean and std.dev: (1, 28147)
    stderr: [M::mem_pestat] mean and std.dev: (3358.62, 4338.48)
    stderr: 
    stderr: [M::mem_pestat] low and high boundaries for proper pairs: (1, 37517)
    stderr: [M::mem_pestat] analyzing insert size distribution for orientation RR...
    stderr: 
    stderr: [M::mem_pestat] (25, 50, 75) percentile: (122, 232, 369)
    stderr: [M::mem_pestat] low and high boundaries for computing mean and std.dev: (1, 863)
    stderr: [M::mem_pestat] mean and std.dev: (241.75, 162.55)
    stderr: 
    stderr: [M::mem_pestat] low and high boundaries for proper pairs: (1, 1110)
    stderr: [M::mem_pestat] skip orientation FF
    stderr: [M::mem_pestat] skip orientation RF
    stderr: [M::mem_pestat] skip orientation RR
    stderr: 
    stderr: [M::mem_process_seqs] Processed 1164316 reads in 133.036 CPU sec, 7.012 real sec
    stderr: 
    stderr: [main] Version: 0.7.12-r1039
    stderr: [main] CMD: bwa mem -t 20 GCA_000988525.2_ASM98852v2_genomic.fna.gz ERR1229296_1.fastq.gz ERR1229296_2.fastq.gz
    stderr: [main] Real time: 18.200 sec; CPU: 138.714 sec
    stderr: 
  Child process finished
  Resolving output
    Running validations for reads.bam
      passed validators
  Now going to generate checksums on resolved files
  Wrote hash+time info to waterwheel.json
Running task samtools index
  Checking if valid output already exists
    Running validations for *.bam.bai
    An input validation failed
    An input validation failed
    An input validation failed
  Resolving input
patterns:
[ 'reads.bam' ]
val, matches
[ 'reads.bam' ] [ 'reads.bam' ]
    input: reads.bam from passed in file
  Starting: samtools index reads.bam
  Creating a child process
  Child process finished
  Resolving output
    Running validations for *.bam.bai
      passed validators
  Now going to generate checksums on resolved files
  Wrote hash+time info to waterwheel.json
Running task samtools mpileup | bcftools call
  Checking if valid output already exists
    Running validations for variants.vcf
    An input validation failed
    An input validation failed
    An input validation failed
  Resolving input
reference { file: '*_genomic.fna' }
    input: GCA_000988525.2_ASM98852v2_genomic.fna from file
bam { file: '*.bam' }
    input: reads.bam from file
_bai { file: '*.bam.bai' }
    input: reads.bam.bai from file
  Starting: 
samtools mpileup -uf GCA_000988525.2_ASM98852v2_genomic.fna reads.bam | bcftools call -c - > variants.vcf

  Creating a child process
    stderr: [fai_load] build FASTA index.
    stderr: 
    stderr: [mpileup] 1 samples in 1 input files
    stderr: 
    stderr: <mpileup> Set max per-file depth to 8000
    stderr: 
  Child process finished
  Resolving output
    Running validations for variants.vcf
      passed validators
  Now going to generate checksums on resolved files
  Wrote hash+time info to waterwheel.json
Pipeline has finished
